#
# A fatal error has been detected by the Java Runtime Environment:
#
#  EXCEPTION_ACCESS_VIOLATION (0xc0000005) at pc=0x00007ffcb3dad544, pid=1332, tid=22368
#
# JRE version: OpenJDK Runtime Environment AdoptOpenJDK-11.0.11+9 (11.0.11+9) (build 11.0.11+9)
# Java VM: OpenJDK 64-Bit Server VM AdoptOpenJDK-11.0.11+9 (11.0.11+9, mixed mode, tiered, compressed oops, g1 gc, windows-amd64)
# Problematic frame:
# C  [nvoglv64.dll+0x11ed544]
#
# No core dump will be written. Minidumps are not enabled by default on client versions of Windows
#
# If you would like to submit a bug report, please visit:
#   https://github.com/AdoptOpenJDK/openjdk-support/issues
# The crash happened outside the Java Virtual Machine in native code.
# See problematic frame for where to report the bug.
#

---------------  S U M M A R Y ------------

Command Line: -Dfile.encoding=Cp1252 com.game.DesktopLauncher

Host: Intel(R) Core(TM) i9-10900K CPU @ 3.70GHz, 20 cores, 31G,  Windows 10 , 64 bit Build 19041 (10.0.19041.2364)
Time: Tue Jan 10 22:06:15 2023 Mitteleuropäische Zeit elapsed time: 0.504552 seconds (0d 0h 0m 0s)

---------------  T H R E A D  ---------------

Current thread (0x00000217b790b800):  JavaThread "main" [_thread_in_native, id=22368, stack(0x000000cd4a500000,0x000000cd4a600000)]

Stack: [0x000000cd4a500000,0x000000cd4a600000],  sp=0x000000cd4a5fec20,  free space=1019k
Native frames: (J=compiled Java code, j=interpreted, Vv=VM code, C=native code)
C  [nvoglv64.dll+0x11ed544]

Java frames: (J=compiled Java code, j=interpreted, Vv=VM code)
j  org.lwjgl.opengl.GL11C.nglDrawElements(IIIJ)V+0
j  org.lwjgl.opengl.GL11C.glDrawElements(ILjava/nio/ShortBuffer;)V+12
j  org.lwjgl.opengl.GL11.glDrawElements(ILjava/nio/ShortBuffer;)V+2
j  com.badlogic.gdx.backends.lwjgl3.Lwjgl3GL20.glDrawElements(IIILjava/nio/Buffer;)V+49
j  com.badlogic.gdx.graphics.Mesh.render(Lcom/badlogic/gdx/graphics/glutils/ShaderProgram;IIIZ)V+78
j  com.badlogic.gdx.graphics.Mesh.render(Lcom/badlogic/gdx/graphics/glutils/ShaderProgram;III)V+10
j  com.badlogic.gdx.graphics.g2d.SpriteBatch.flush()V+184
j  com.badlogic.gdx.graphics.g2d.SpriteBatch.switchTexture(Lcom/badlogic/gdx/graphics/Texture;)V+1
j  com.badlogic.gdx.graphics.g2d.SpriteBatch.draw(Lcom/badlogic/gdx/graphics/Texture;FFFF)V+33
j  com.badlogic.gdx.graphics.g2d.SpriteBatch.draw(Lcom/badlogic/gdx/graphics/Texture;FF)V+14
j  com.game.Game.render()V+170
j  com.badlogic.gdx.backends.lwjgl3.Lwjgl3Window.update()Z+187
j  com.badlogic.gdx.backends.lwjgl3.Lwjgl3Application.loop()V+111
j  com.badlogic.gdx.backends.lwjgl3.Lwjgl3Application.<init>(Lcom/badlogic/gdx/ApplicationListener;Lcom/badlogic/gdx/backends/lwjgl3/Lwjgl3ApplicationConfiguration;)V+269
j  com.game.DesktopLauncher.main([Ljava/lang/String;)V+41
v  ~StubRoutines::call_stub

siginfo: EXCEPTION_ACCESS_VIOLATION (0xc0000005), reading address 0x00000217e942419a


Register to memory mapping:

RIP=0x00007ffcb3dad544 nvoglv64.dll
RAX=0x00000044b090fd1c is an unknown value
RBX=0x0000000000000001 is an unknown value
RCX=0x00010c51b65cb81c is an unknown value
RDX=0x00000044b090fd1c is an unknown value
RSP=0x000000cd4a5fec20 is pointing into the stack for thread: 0x00000217b790b800
RBP=0x0000000000000006 is an unknown value
RSI=0x0000000000000006 is an unknown value
RDI=0x0 is NULL
R8 =0x0000000000000082 is an unknown value
R9 =0x0 is NULL
R10=0x00000000546c6148 is an unknown value
R11=0x000001aac5aa9a18 is an unknown value
R12=0x0000000000000004 is an unknown value
R13=0x00000217e9a08080 points into unknown readable memory: 0x0000000000000000 | 00 00 00 00 00 00 00 00
R14=0x00000217e9424190 is an unknown value
R15=0x0000000000001403 is an unknown value


Registers:
RAX=0x00000044b090fd1c, RBX=0x0000000000000001, RCX=0x00010c51b65cb81c, RDX=0x00000044b090fd1c
RSP=0x000000cd4a5fec20, RBP=0x0000000000000006, RSI=0x0000000000000006, RDI=0x0000000000000000
R8 =0x0000000000000082, R9 =0x0000000000000000, R10=0x00000000546c6148, R11=0x000001aac5aa9a18
R12=0x0000000000000004, R13=0x00000217e9a08080, R14=0x00000217e9424190, R15=0x0000000000001403
RIP=0x00007ffcb3dad544, EFLAGS=0x0000000000010246

Top of Stack: (sp=0x000000cd4a5fec20)
0x000000cd4a5fec20:   0000000000000001 00000217eef79590
0x000000cd4a5fec30:   0000000000000000 00000006200267a0
0x000000cd4a5fec40:   00000217eef64138 0000000000000000
0x000000cd4a5fec50:   000000cd4a5fec68 000000cd4a5fece0
0x000000cd4a5fec60:   00000217c001a127 00000006202e7278
0x000000cd4a5fec70:   00000217e9a0a150 0000000000000000
0x000000cd4a5fec80:   0000000000001406 0000000000000002
0x000000cd4a5fec90:   0000000000000002 00000217e9424190
0x000000cd4a5feca0:   000000cd4a5fee40 0000000000001403
0x000000cd4a5fecb0:   0000000000000004 00000217e9a08080
0x000000cd4a5fecc0:   0000000000000006 000000cd4a5fee00
0x000000cd4a5fecd0:   0000000000000000 00007ffcb3a0dff6
0x000000cd4a5fece0:   000000cd4a5fed68 0000021700000004
0x000000cd4a5fecf0:   0000000600000000 0000000000000000
0x000000cd4a5fed00:   000000000000000c 0000000000001403
0x000000cd4a5fed10:   00000217e9424190 0000000000000000 

Instructions: (pc=0x00007ffcb3dad544)
0x00007ffcb3dad444:   8b 8a 14 06 00 00 f7 d0 44 23 d8 89 94 24 e0 00
0x00007ffcb3dad454:   00 00 41 8b 82 08 06 00 00 41 0b cb f7 d1 23 c8
0x00007ffcb3dad464:   c1 e8 14 a8 01 0f 85 81 08 00 00 41 80 bd bc 08
0x00007ffcb3dad474:   8e 00 00 0f 85 73 08 00 00 41 3b f9 0f 82 6a 08
0x00007ffcb3dad484:   00 00 85 ed 0f 8e 62 08 00 00 41 83 f8 0e 0f 87
0x00007ffcb3dad494:   58 08 00 00 41 3b 95 28 0b 8e 00 0f 8f 4b 08 00
0x00007ffcb3dad4a4:   00 41 83 ba 00 06 00 00 00 0f 85 3d 08 00 00 41
0x00007ffcb3dad4b4:   80 ba 29 06 00 00 00 0f 85 2f 08 00 00 41 80 ba
0x00007ffcb3dad4c4:   28 06 00 00 00 0f 85 21 08 00 00 41 80 bd 45 e5
0x00007ffcb3dad4d4:   8c 00 00 0f 85 13 08 00 00 41 80 bd 4c e5 8c 00
0x00007ffcb3dad4e4:   00 0f 85 05 08 00 00 f7 c1 00 00 03 00 0f 85 f9
0x00007ffcb3dad4f4:   07 00 00 44 0b d9 45 85 9a 48 08 00 00 0f 85 e9
0x00007ffcb3dad504:   07 00 00 bb 01 00 00 00 49 8d 8d 80 0c 8e 00 8b
0x00007ffcb3dad514:   d3 e8 56 9a e7 ff 41 81 ff 05 14 00 00 75 18 41
0x00007ffcb3dad524:   8b 44 ae fc 4c 8d 65 ff 41 8b 0e 8b f8 3b c8 0f
0x00007ffcb3dad534:   47 f9 0f 42 c1 eb 5d 41 81 ff 03 14 00 00 75 24
0x00007ffcb3dad544:   41 0f b7 4c 6e fe 4c 8d 65 ff 41 0f b7 16 0f b7
0x00007ffcb3dad554:   c1 66 3b d1 66 0f 47 c2 66 0f 42 ca 0f b7 f8 0f
0x00007ffcb3dad564:   b7 c1 eb 30 41 81 ff 01 14 00 00 0f 85 7b 07 00
0x00007ffcb3dad574:   00 42 0f b6 54 35 ff 4c 8d 65 ff 45 0f b6 06 8b
0x00007ffcb3dad584:   ca 44 3a c2 41 0f 47 c8 0f b6 f9 8b ca 41 0f 42
0x00007ffcb3dad594:   c8 0f b6 c1 48 8b 4c 24 50 8d 75 ff 2b f8 e8 49
0x00007ffcb3dad5a4:   0b 00 00 48 8b 44 24 50 44 8b 50 20 41 8b c2 0f
0x00007ffcb3dad5b4:   af c7 44 89 94 24 c0 00 00 00 41 3b 85 2c 0b 8e
0x00007ffcb3dad5c4:   00 0f 8f 1e 07 00 00 0f 29 74 24 60 41 81 ff 05
0x00007ffcb3dad5d4:   14 00 00 0f 85 f8 00 00 00 45 8b 3e 41 8b ff 49
0x00007ffcb3dad5e4:   8d 56 04 3b eb 0f 8e 72 03 00 00 83 fe 08 0f 82
0x00007ffcb3dad5f4:   b3 00 00 00 83 3d f1 f8 40 02 02 0f 8c a6 00 00
0x00007ffcb3dad604:   00 81 e6 07 00 00 80 7d 07 ff ce 83 ce f8 ff c6
0x00007ffcb3dad614:   66 41 0f 6e cf 8b c5 66 0f 70 c9 00 2b c6 66 0f
0x00007ffcb3dad624:   6f d9 66 0f 6f e1 66 0f 6f d1 66 90 f3 0f 6f 02
0x00007ffcb3dad634:   83 c3 08 66 0f 38 3b c8 66 0f 38 3f d0 f3 0f 6f 


Stack slot to memory mapping:
stack at sp + 0 slots: 0x0000000000000001 is an unknown value
stack at sp + 1 slots: 0x00000217eef79590 is pointing into metadata
stack at sp + 2 slots: 0x0 is NULL
stack at sp + 3 slots: 0x00000006200267a0 is an oop: java.lang.Class 
{0x00000006200267a0} - klass: 'java/lang/Class'
stack at sp + 4 slots: {method} {0x00000217eef64140} 'glVertexAttribPointer' '(IIIZILjava/nio/FloatBuffer;)V' in 'org/lwjgl/opengl/GL20C'
stack at sp + 5 slots: 0x0 is NULL
stack at sp + 6 slots: 0x000000cd4a5fec68 is pointing into the stack for thread: 0x00000217b790b800
stack at sp + 7 slots: 0x000000cd4a5fece0 is pointing into the stack for thread: 0x00000217b790b800


---------------  P R O C E S S  ---------------

Threads class SMR info:
_java_thread_list=0x00000217e6b8f9d0, length=12, elements={
0x00000217b790b800, 0x00000217e6772000, 0x00000217e677b800, 0x00000217e67df800,
0x00000217e67e2000, 0x00000217e67e3000, 0x00000217e67e6000, 0x00000217e67ef800,
0x00000217e6802000, 0x00000217e6713800, 0x00000217e69cc800, 0x00000217e6b91800
}

Java Threads: ( => current thread )
=>0x00000217b790b800 JavaThread "main" [_thread_in_native, id=22368, stack(0x000000cd4a500000,0x000000cd4a600000)]
  0x00000217e6772000 JavaThread "Reference Handler" daemon [_thread_blocked, id=19280, stack(0x000000cd4ac00000,0x000000cd4ad00000)]
  0x00000217e677b800 JavaThread "Finalizer" daemon [_thread_blocked, id=20108, stack(0x000000cd4ad00000,0x000000cd4ae00000)]
  0x00000217e67df800 JavaThread "Signal Dispatcher" daemon [_thread_blocked, id=9080, stack(0x000000cd4ae00000,0x000000cd4af00000)]
  0x00000217e67e2000 JavaThread "Attach Listener" daemon [_thread_blocked, id=10800, stack(0x000000cd4af00000,0x000000cd4b000000)]
  0x00000217e67e3000 JavaThread "Service Thread" daemon [_thread_blocked, id=6304, stack(0x000000cd4b000000,0x000000cd4b100000)]
  0x00000217e67e6000 JavaThread "C2 CompilerThread0" daemon [_thread_in_native, id=4712, stack(0x000000cd4b100000,0x000000cd4b200000)]
  0x00000217e67ef800 JavaThread "C1 CompilerThread0" daemon [_thread_blocked, id=13596, stack(0x000000cd4b200000,0x000000cd4b300000)]
  0x00000217e6802000 JavaThread "Sweeper thread" daemon [_thread_blocked, id=14752, stack(0x000000cd4b300000,0x000000cd4b400000)]
  0x00000217e6713800 JavaThread "C1 CompilerThread1" daemon [_thread_blocked, id=15476, stack(0x000000cd4b400000,0x000000cd4b500000)]
  0x00000217e69cc800 JavaThread "Common-Cleaner" daemon [_thread_blocked, id=13016, stack(0x000000cd4b600000,0x000000cd4b700000)]
  0x00000217e6b91800 JavaThread "C2 CompilerThread1" daemon [_thread_in_native, id=17124, stack(0x000000cd4b700000,0x000000cd4b800000)]

Other Threads:
  0x00000217e674d800 VMThread "VM Thread" [stack: 0x000000cd4ab00000,0x000000cd4ac00000] [id=15616]
  0x00000217e69cc000 WatcherThread [stack: 0x000000cd4b500000,0x000000cd4b600000] [id=22036]
  0x00000217b7925000 GCTaskThread "GC Thread#0" [stack: 0x000000cd4a600000,0x000000cd4a700000] [id=3152]
  0x00000217b79a7000 ConcurrentGCThread "G1 Main Marker" [stack: 0x000000cd4a700000,0x000000cd4a800000] [id=15892]
  0x00000217b79a8800 ConcurrentGCThread "G1 Conc#0" [stack: 0x000000cd4a800000,0x000000cd4a900000] [id=20080]
  0x00000217e5a7d000 ConcurrentGCThread "G1 Refine#0" [stack: 0x000000cd4a900000,0x000000cd4aa00000] [id=1128]
  0x00000217e5a80000 ConcurrentGCThread "G1 Young RemSet Sampling" [stack: 0x000000cd4aa00000,0x000000cd4ab00000] [id=18012]

Threads with active compile tasks:
C2 CompilerThread0    528  874   !   4       jdk.internal.loader.URLClassPath$JarLoader::getResource (65 bytes)
C2 CompilerThread1    528  873       4       java.util.jar.JarFile::getEntry (22 bytes)

VM state:not at safepoint (normal execution)

VM Mutex/Monitor currently owned by a thread: None

Heap address: 0x0000000601600000, size: 8170 MB, Compressed Oops mode: Zero based, Oop shift amount: 3
Narrow klass base: 0x0000000800000000, Narrow klass shift: 0
Compressed class space size: 1073741824 Address: 0x0000000800000000

Heap:
 garbage-first heap   total 524288K, used 20480K [0x0000000601600000, 0x0000000800000000)
  region size 2048K, 11 young (22528K), 0 survivors (0K)
 Metaspace       used 11506K, capacity 11703K, committed 12032K, reserved 1060864K
  class space    used 893K, capacity 947K, committed 1024K, reserved 1048576K
Heap Regions: E=young(eden), S=young(survivor), O=old, HS=humongous(starts), HC=humongous(continues), CS=collection set, F=free, A=archive, TAMS=top-at-mark-start (previous, next)
|   0|0x0000000601600000, 0x0000000601600000, 0x0000000601800000|  0%| F|  |TAMS 0x0000000601600000, 0x0000000601600000| Untracked 
|   1|0x0000000601800000, 0x0000000601800000, 0x0000000601a00000|  0%| F|  |TAMS 0x0000000601800000, 0x0000000601800000| Untracked 
|   2|0x0000000601a00000, 0x0000000601a00000, 0x0000000601c00000|  0%| F|  |TAMS 0x0000000601a00000, 0x0000000601a00000| Untracked 
|   3|0x0000000601c00000, 0x0000000601c00000, 0x0000000601e00000|  0%| F|  |TAMS 0x0000000601c00000, 0x0000000601c00000| Untracked 
|   4|0x0000000601e00000, 0x0000000601e00000, 0x0000000602000000|  0%| F|  |TAMS 0x0000000601e00000, 0x0000000601e00000| Untracked 
|   5|0x0000000602000000, 0x0000000602000000, 0x0000000602200000|  0%| F|  |TAMS 0x0000000602000000, 0x0000000602000000| Untracked 
|   6|0x0000000602200000, 0x0000000602200000, 0x0000000602400000|  0%| F|  |TAMS 0x0000000602200000, 0x0000000602200000| Untracked 
|   7|0x0000000602400000, 0x0000000602400000, 0x0000000602600000|  0%| F|  |TAMS 0x0000000602400000, 0x0000000602400000| Untracked 
|   8|0x0000000602600000, 0x0000000602600000, 0x0000000602800000|  0%| F|  |TAMS 0x0000000602600000, 0x0000000602600000| Untracked 
|   9|0x0000000602800000, 0x0000000602800000, 0x0000000602a00000|  0%| F|  |TAMS 0x0000000602800000, 0x0000000602800000| Untracked 
|  10|0x0000000602a00000, 0x0000000602a00000, 0x0000000602c00000|  0%| F|  |TAMS 0x0000000602a00000, 0x0000000602a00000| Untracked 
|  11|0x0000000602c00000, 0x0000000602c00000, 0x0000000602e00000|  0%| F|  |TAMS 0x0000000602c00000, 0x0000000602c00000| Untracked 
|  12|0x0000000602e00000, 0x0000000602e00000, 0x0000000603000000|  0%| F|  |TAMS 0x0000000602e00000, 0x0000000602e00000| Untracked 
|  13|0x0000000603000000, 0x0000000603000000, 0x0000000603200000|  0%| F|  |TAMS 0x0000000603000000, 0x0000000603000000| Untracked 
|  14|0x0000000603200000, 0x0000000603200000, 0x0000000603400000|  0%| F|  |TAMS 0x0000000603200000, 0x0000000603200000| Untracked 
|  15|0x0000000603400000, 0x0000000603400000, 0x0000000603600000|  0%| F|  |TAMS 0x0000000603400000, 0x0000000603400000| Untracked 
|  16|0x0000000603600000, 0x0000000603600000, 0x0000000603800000|  0%| F|  |TAMS 0x0000000603600000, 0x0000000603600000| Untracked 
|  17|0x0000000603800000, 0x0000000603800000, 0x0000000603a00000|  0%| F|  |TAMS 0x0000000603800000, 0x0000000603800000| Untracked 
|  18|0x0000000603a00000, 0x0000000603a00000, 0x0000000603c00000|  0%| F|  |TAMS 0x0000000603a00000, 0x0000000603a00000| Untracked 
|  19|0x0000000603c00000, 0x0000000603c00000, 0x0000000603e00000|  0%| F|  |TAMS 0x0000000603c00000, 0x0000000603c00000| Untracked 
|  20|0x0000000603e00000, 0x0000000603e00000, 0x0000000604000000|  0%| F|  |TAMS 0x0000000603e00000, 0x0000000603e00000| Untracked 
|  21|0x0000000604000000, 0x0000000604000000, 0x0000000604200000|  0%| F|  |TAMS 0x0000000604000000, 0x0000000604000000| Untracked 
|  22|0x0000000604200000, 0x0000000604200000, 0x0000000604400000|  0%| F|  |TAMS 0x0000000604200000, 0x0000000604200000| Untracked 
|  23|0x0000000604400000, 0x0000000604400000, 0x0000000604600000|  0%| F|  |TAMS 0x0000000604400000, 0x0000000604400000| Untracked 
|  24|0x0000000604600000, 0x0000000604600000, 0x0000000604800000|  0%| F|  |TAMS 0x0000000604600000, 0x0000000604600000| Untracked 
|  25|0x0000000604800000, 0x0000000604800000, 0x0000000604a00000|  0%| F|  |TAMS 0x0000000604800000, 0x0000000604800000| Untracked 
|  26|0x0000000604a00000, 0x0000000604a00000, 0x0000000604c00000|  0%| F|  |TAMS 0x0000000604a00000, 0x0000000604a00000| Untracked 
|  27|0x0000000604c00000, 0x0000000604c00000, 0x0000000604e00000|  0%| F|  |TAMS 0x0000000604c00000, 0x0000000604c00000| Untracked 
|  28|0x0000000604e00000, 0x0000000604e00000, 0x0000000605000000|  0%| F|  |TAMS 0x0000000604e00000, 0x0000000604e00000| Untracked 
|  29|0x0000000605000000, 0x0000000605000000, 0x0000000605200000|  0%| F|  |TAMS 0x0000000605000000, 0x0000000605000000| Untracked 
|  30|0x0000000605200000, 0x0000000605200000, 0x0000000605400000|  0%| F|  |TAMS 0x0000000605200000, 0x0000000605200000| Untracked 
|  31|0x0000000605400000, 0x0000000605400000, 0x0000000605600000|  0%| F|  |TAMS 0x0000000605400000, 0x0000000605400000| Untracked 
|  32|0x0000000605600000, 0x0000000605600000, 0x0000000605800000|  0%| F|  |TAMS 0x0000000605600000, 0x0000000605600000| Untracked 
|  33|0x0000000605800000, 0x0000000605800000, 0x0000000605a00000|  0%| F|  |TAMS 0x0000000605800000, 0x0000000605800000| Untracked 
|  34|0x0000000605a00000, 0x0000000605a00000, 0x0000000605c00000|  0%| F|  |TAMS 0x0000000605a00000, 0x0000000605a00000| Untracked 
|  35|0x0000000605c00000, 0x0000000605c00000, 0x0000000605e00000|  0%| F|  |TAMS 0x0000000605c00000, 0x0000000605c00000| Untracked 
|  36|0x0000000605e00000, 0x0000000605e00000, 0x0000000606000000|  0%| F|  |TAMS 0x0000000605e00000, 0x0000000605e00000| Untracked 
|  37|0x0000000606000000, 0x0000000606000000, 0x0000000606200000|  0%| F|  |TAMS 0x0000000606000000, 0x0000000606000000| Untracked 
|  38|0x0000000606200000, 0x0000000606200000, 0x0000000606400000|  0%| F|  |TAMS 0x0000000606200000, 0x0000000606200000| Untracked 
|  39|0x0000000606400000, 0x0000000606400000, 0x0000000606600000|  0%| F|  |TAMS 0x0000000606400000, 0x0000000606400000| Untracked 
|  40|0x0000000606600000, 0x0000000606600000, 0x0000000606800000|  0%| F|  |TAMS 0x0000000606600000, 0x0000000606600000| Untracked 
|  41|0x0000000606800000, 0x0000000606800000, 0x0000000606a00000|  0%| F|  |TAMS 0x0000000606800000, 0x0000000606800000| Untracked 
|  42|0x0000000606a00000, 0x0000000606a00000, 0x0000000606c00000|  0%| F|  |TAMS 0x0000000606a00000, 0x0000000606a00000| Untracked 
|  43|0x0000000606c00000, 0x0000000606c00000, 0x0000000606e00000|  0%| F|  |TAMS 0x0000000606c00000, 0x0000000606c00000| Untracked 
|  44|0x0000000606e00000, 0x0000000606e00000, 0x0000000607000000|  0%| F|  |TAMS 0x0000000606e00000, 0x0000000606e00000| Untracked 
|  45|0x0000000607000000, 0x0000000607000000, 0x0000000607200000|  0%| F|  |TAMS 0x0000000607000000, 0x0000000607000000| Untracked 
|  46|0x0000000607200000, 0x0000000607200000, 0x0000000607400000|  0%| F|  |TAMS 0x0000000607200000, 0x0000000607200000| Untracked 
|  47|0x0000000607400000, 0x0000000607400000, 0x0000000607600000|  0%| F|  |TAMS 0x0000000607400000, 0x0000000607400000| Untracked 
|  48|0x0000000607600000, 0x0000000607600000, 0x0000000607800000|  0%| F|  |TAMS 0x0000000607600000, 0x0000000607600000| Untracked 
|  49|0x0000000607800000, 0x0000000607800000, 0x0000000607a00000|  0%| F|  |TAMS 0x0000000607800000, 0x0000000607800000| Untracked 
|  50|0x0000000607a00000, 0x0000000607a00000, 0x0000000607c00000|  0%| F|  |TAMS 0x0000000607a00000, 0x0000000607a00000| Untracked 
|  51|0x0000000607c00000, 0x0000000607c00000, 0x0000000607e00000|  0%| F|  |TAMS 0x0000000607c00000, 0x0000000607c00000| Untracked 
|  52|0x0000000607e00000, 0x0000000607e00000, 0x0000000608000000|  0%| F|  |TAMS 0x0000000607e00000, 0x0000000607e00000| Untracked 
|  53|0x0000000608000000, 0x0000000608000000, 0x0000000608200000|  0%| F|  |TAMS 0x0000000608000000, 0x0000000608000000| Untracked 
|  54|0x0000000608200000, 0x0000000608200000, 0x0000000608400000|  0%| F|  |TAMS 0x0000000608200000, 0x0000000608200000| Untracked 
|  55|0x0000000608400000, 0x0000000608400000, 0x0000000608600000|  0%| F|  |TAMS 0x0000000608400000, 0x0000000608400000| Untracked 
|  56|0x0000000608600000, 0x0000000608600000, 0x0000000608800000|  0%| F|  |TAMS 0x0000000608600000, 0x0000000608600000| Untracked 
|  57|0x0000000608800000, 0x0000000608800000, 0x0000000608a00000|  0%| F|  |TAMS 0x0000000608800000, 0x0000000608800000| Untracked 
|  58|0x0000000608a00000, 0x0000000608a00000, 0x0000000608c00000|  0%| F|  |TAMS 0x0000000608a00000, 0x0000000608a00000| Untracked 
|  59|0x0000000608c00000, 0x0000000608c00000, 0x0000000608e00000|  0%| F|  |TAMS 0x0000000608c00000, 0x0000000608c00000| Untracked 
|  60|0x0000000608e00000, 0x0000000608e00000, 0x0000000609000000|  0%| F|  |TAMS 0x0000000608e00000, 0x0000000608e00000| Untracked 
|  61|0x0000000609000000, 0x0000000609000000, 0x0000000609200000|  0%| F|  |TAMS 0x0000000609000000, 0x0000000609000000| Untracked 
|  62|0x0000000609200000, 0x0000000609200000, 0x0000000609400000|  0%| F|  |TAMS 0x0000000609200000, 0x0000000609200000| Untracked 
|  63|0x0000000609400000, 0x0000000609400000, 0x0000000609600000|  0%| F|  |TAMS 0x0000000609400000, 0x0000000609400000| Untracked 
|  64|0x0000000609600000, 0x0000000609600000, 0x0000000609800000|  0%| F|  |TAMS 0x0000000609600000, 0x0000000609600000| Untracked 
|  65|0x0000000609800000, 0x0000000609800000, 0x0000000609a00000|  0%| F|  |TAMS 0x0000000609800000, 0x0000000609800000| Untracked 
|  66|0x0000000609a00000, 0x0000000609a00000, 0x0000000609c00000|  0%| F|  |TAMS 0x0000000609a00000, 0x0000000609a00000| Untracked 
|  67|0x0000000609c00000, 0x0000000609c00000, 0x0000000609e00000|  0%| F|  |TAMS 0x0000000609c00000, 0x0000000609c00000| Untracked 
|  68|0x0000000609e00000, 0x0000000609e00000, 0x000000060a000000|  0%| F|  |TAMS 0x0000000609e00000, 0x0000000609e00000| Untracked 
|  69|0x000000060a000000, 0x000000060a000000, 0x000000060a200000|  0%| F|  |TAMS 0x000000060a000000, 0x000000060a000000| Untracked 
|  70|0x000000060a200000, 0x000000060a200000, 0x000000060a400000|  0%| F|  |TAMS 0x000000060a200000, 0x000000060a200000| Untracked 
|  71|0x000000060a400000, 0x000000060a400000, 0x000000060a600000|  0%| F|  |TAMS 0x000000060a400000, 0x000000060a400000| Untracked 
|  72|0x000000060a600000, 0x000000060a600000, 0x000000060a800000|  0%| F|  |TAMS 0x000000060a600000, 0x000000060a600000| Untracked 
|  73|0x000000060a800000, 0x000000060a800000, 0x000000060aa00000|  0%| F|  |TAMS 0x000000060a800000, 0x000000060a800000| Untracked 
|  74|0x000000060aa00000, 0x000000060aa00000, 0x000000060ac00000|  0%| F|  |TAMS 0x000000060aa00000, 0x000000060aa00000| Untracked 
|  75|0x000000060ac00000, 0x000000060ac00000, 0x000000060ae00000|  0%| F|  |TAMS 0x000000060ac00000, 0x000000060ac00000| Untracked 
|  76|0x000000060ae00000, 0x000000060ae00000, 0x000000060b000000|  0%| F|  |TAMS 0x000000060ae00000, 0x000000060ae00000| Untracked 
|  77|0x000000060b000000, 0x000000060b000000, 0x000000060b200000|  0%| F|  |TAMS 0x000000060b000000, 0x000000060b000000| Untracked 
|  78|0x000000060b200000, 0x000000060b200000, 0x000000060b400000|  0%| F|  |TAMS 0x000000060b200000, 0x000000060b200000| Untracked 
|  79|0x000000060b400000, 0x000000060b400000, 0x000000060b600000|  0%| F|  |TAMS 0x000000060b400000, 0x000000060b400000| Untracked 
|  80|0x000000060b600000, 0x000000060b600000, 0x000000060b800000|  0%| F|  |TAMS 0x000000060b600000, 0x000000060b600000| Untracked 
|  81|0x000000060b800000, 0x000000060b800000, 0x000000060ba00000|  0%| F|  |TAMS 0x000000060b800000, 0x000000060b800000| Untracked 
|  82|0x000000060ba00000, 0x000000060ba00000, 0x000000060bc00000|  0%| F|  |TAMS 0x000000060ba00000, 0x000000060ba00000| Untracked 
|  83|0x000000060bc00000, 0x000000060bc00000, 0x000000060be00000|  0%| F|  |TAMS 0x000000060bc00000, 0x000000060bc00000| Untracked 
|  84|0x000000060be00000, 0x000000060be00000, 0x000000060c000000|  0%| F|  |TAMS 0x000000060be00000, 0x000000060be00000| Untracked 
|  85|0x000000060c000000, 0x000000060c000000, 0x000000060c200000|  0%| F|  |TAMS 0x000000060c000000, 0x000000060c000000| Untracked 
|  86|0x000000060c200000, 0x000000060c200000, 0x000000060c400000|  0%| F|  |TAMS 0x000000060c200000, 0x000000060c200000| Untracked 
|  87|0x000000060c400000, 0x000000060c400000, 0x000000060c600000|  0%| F|  |TAMS 0x000000060c400000, 0x000000060c400000| Untracked 
|  88|0x000000060c600000, 0x000000060c600000, 0x000000060c800000|  0%| F|  |TAMS 0x000000060c600000, 0x000000060c600000| Untracked 
|  89|0x000000060c800000, 0x000000060c800000, 0x000000060ca00000|  0%| F|  |TAMS 0x000000060c800000, 0x000000060c800000| Untracked 
|  90|0x000000060ca00000, 0x000000060ca00000, 0x000000060cc00000|  0%| F|  |TAMS 0x000000060ca00000, 0x000000060ca00000| Untracked 
|  91|0x000000060cc00000, 0x000000060cc00000, 0x000000060ce00000|  0%| F|  |TAMS 0x000000060cc00000, 0x000000060cc00000| Untracked 
|  92|0x000000060ce00000, 0x000000060ce00000, 0x000000060d000000|  0%| F|  |TAMS 0x000000060ce00000, 0x000000060ce00000| Untracked 
|  93|0x000000060d000000, 0x000000060d000000, 0x000000060d200000|  0%| F|  |TAMS 0x000000060d000000, 0x000000060d000000| Untracked 
|  94|0x000000060d200000, 0x000000060d200000, 0x000000060d400000|  0%| F|  |TAMS 0x000000060d200000, 0x000000060d200000| Untracked 
|  95|0x000000060d400000, 0x000000060d400000, 0x000000060d600000|  0%| F|  |TAMS 0x000000060d400000, 0x000000060d400000| Untracked 
|  96|0x000000060d600000, 0x000000060d600000, 0x000000060d800000|  0%| F|  |TAMS 0x000000060d600000, 0x000000060d600000| Untracked 
|  97|0x000000060d800000, 0x000000060d800000, 0x000000060da00000|  0%| F|  |TAMS 0x000000060d800000, 0x000000060d800000| Untracked 
|  98|0x000000060da00000, 0x000000060da00000, 0x000000060dc00000|  0%| F|  |TAMS 0x000000060da00000, 0x000000060da00000| Untracked 
|  99|0x000000060dc00000, 0x000000060dc00000, 0x000000060de00000|  0%| F|  |TAMS 0x000000060dc00000, 0x000000060dc00000| Untracked 
| 100|0x000000060de00000, 0x000000060de00000, 0x000000060e000000|  0%| F|  |TAMS 0x000000060de00000, 0x000000060de00000| Untracked 
| 101|0x000000060e000000, 0x000000060e000000, 0x000000060e200000|  0%| F|  |TAMS 0x000000060e000000, 0x000000060e000000| Untracked 
| 102|0x000000060e200000, 0x000000060e200000, 0x000000060e400000|  0%| F|  |TAMS 0x000000060e200000, 0x000000060e200000| Untracked 
| 103|0x000000060e400000, 0x000000060e400000, 0x000000060e600000|  0%| F|  |TAMS 0x000000060e400000, 0x000000060e400000| Untracked 
| 104|0x000000060e600000, 0x000000060e600000, 0x000000060e800000|  0%| F|  |TAMS 0x000000060e600000, 0x000000060e600000| Untracked 
| 105|0x000000060e800000, 0x000000060e800000, 0x000000060ea00000|  0%| F|  |TAMS 0x000000060e800000, 0x000000060e800000| Untracked 
| 106|0x000000060ea00000, 0x000000060ea00000, 0x000000060ec00000|  0%| F|  |TAMS 0x000000060ea00000, 0x000000060ea00000| Untracked 
| 107|0x000000060ec00000, 0x000000060ec00000, 0x000000060ee00000|  0%| F|  |TAMS 0x000000060ec00000, 0x000000060ec00000| Untracked 
| 108|0x000000060ee00000, 0x000000060ee00000, 0x000000060f000000|  0%| F|  |TAMS 0x000000060ee00000, 0x000000060ee00000| Untracked 
| 109|0x000000060f000000, 0x000000060f000000, 0x000000060f200000|  0%| F|  |TAMS 0x000000060f000000, 0x000000060f000000| Untracked 
| 110|0x000000060f200000, 0x000000060f200000, 0x000000060f400000|  0%| F|  |TAMS 0x000000060f200000, 0x000000060f200000| Untracked 
| 111|0x000000060f400000, 0x000000060f400000, 0x000000060f600000|  0%| F|  |TAMS 0x000000060f400000, 0x000000060f400000| Untracked 
| 112|0x000000060f600000, 0x000000060f600000, 0x000000060f800000|  0%| F|  |TAMS 0x000000060f600000, 0x000000060f600000| Untracked 
| 113|0x000000060f800000, 0x000000060f800000, 0x000000060fa00000|  0%| F|  |TAMS 0x000000060f800000, 0x000000060f800000| Untracked 
| 114|0x000000060fa00000, 0x000000060fa00000, 0x000000060fc00000|  0%| F|  |TAMS 0x000000060fa00000, 0x000000060fa00000| Untracked 
| 115|0x000000060fc00000, 0x000000060fc00000, 0x000000060fe00000|  0%| F|  |TAMS 0x000000060fc00000, 0x000000060fc00000| Untracked 
| 116|0x000000060fe00000, 0x000000060fe00000, 0x0000000610000000|  0%| F|  |TAMS 0x000000060fe00000, 0x000000060fe00000| Untracked 
| 117|0x0000000610000000, 0x0000000610000000, 0x0000000610200000|  0%| F|  |TAMS 0x0000000610000000, 0x0000000610000000| Untracked 
| 118|0x0000000610200000, 0x0000000610200000, 0x0000000610400000|  0%| F|  |TAMS 0x0000000610200000, 0x0000000610200000| Untracked 
| 119|0x0000000610400000, 0x0000000610400000, 0x0000000610600000|  0%| F|  |TAMS 0x0000000610400000, 0x0000000610400000| Untracked 
| 120|0x0000000610600000, 0x0000000610600000, 0x0000000610800000|  0%| F|  |TAMS 0x0000000610600000, 0x0000000610600000| Untracked 
| 121|0x0000000610800000, 0x0000000610800000, 0x0000000610a00000|  0%| F|  |TAMS 0x0000000610800000, 0x0000000610800000| Untracked 
| 122|0x0000000610a00000, 0x0000000610a00000, 0x0000000610c00000|  0%| F|  |TAMS 0x0000000610a00000, 0x0000000610a00000| Untracked 
| 123|0x0000000610c00000, 0x0000000610c00000, 0x0000000610e00000|  0%| F|  |TAMS 0x0000000610c00000, 0x0000000610c00000| Untracked 
| 124|0x0000000610e00000, 0x0000000610e00000, 0x0000000611000000|  0%| F|  |TAMS 0x0000000610e00000, 0x0000000610e00000| Untracked 
| 125|0x0000000611000000, 0x0000000611000000, 0x0000000611200000|  0%| F|  |TAMS 0x0000000611000000, 0x0000000611000000| Untracked 
| 126|0x0000000611200000, 0x0000000611200000, 0x0000000611400000|  0%| F|  |TAMS 0x0000000611200000, 0x0000000611200000| Untracked 
| 127|0x0000000611400000, 0x0000000611400000, 0x0000000611600000|  0%| F|  |TAMS 0x0000000611400000, 0x0000000611400000| Untracked 
| 128|0x0000000611600000, 0x0000000611600000, 0x0000000611800000|  0%| F|  |TAMS 0x0000000611600000, 0x0000000611600000| Untracked 
| 129|0x0000000611800000, 0x0000000611800000, 0x0000000611a00000|  0%| F|  |TAMS 0x0000000611800000, 0x0000000611800000| Untracked 
| 130|0x0000000611a00000, 0x0000000611a00000, 0x0000000611c00000|  0%| F|  |TAMS 0x0000000611a00000, 0x0000000611a00000| Untracked 
| 131|0x0000000611c00000, 0x0000000611c00000, 0x0000000611e00000|  0%| F|  |TAMS 0x0000000611c00000, 0x0000000611c00000| Untracked 
| 132|0x0000000611e00000, 0x0000000611e00000, 0x0000000612000000|  0%| F|  |TAMS 0x0000000611e00000, 0x0000000611e00000| Untracked 
| 133|0x0000000612000000, 0x0000000612000000, 0x0000000612200000|  0%| F|  |TAMS 0x0000000612000000, 0x0000000612000000| Untracked 
| 134|0x0000000612200000, 0x0000000612200000, 0x0000000612400000|  0%| F|  |TAMS 0x0000000612200000, 0x0000000612200000| Untracked 
| 135|0x0000000612400000, 0x0000000612400000, 0x0000000612600000|  0%| F|  |TAMS 0x0000000612400000, 0x0000000612400000| Untracked 
| 136|0x0000000612600000, 0x0000000612600000, 0x0000000612800000|  0%| F|  |TAMS 0x0000000612600000, 0x0000000612600000| Untracked 
| 137|0x0000000612800000, 0x0000000612800000, 0x0000000612a00000|  0%| F|  |TAMS 0x0000000612800000, 0x0000000612800000| Untracked 
| 138|0x0000000612a00000, 0x0000000612a00000, 0x0000000612c00000|  0%| F|  |TAMS 0x0000000612a00000, 0x0000000612a00000| Untracked 
| 139|0x0000000612c00000, 0x0000000612c00000, 0x0000000612e00000|  0%| F|  |TAMS 0x0000000612c00000, 0x0000000612c00000| Untracked 
| 140|0x0000000612e00000, 0x0000000612e00000, 0x0000000613000000|  0%| F|  |TAMS 0x0000000612e00000, 0x0000000612e00000| Untracked 
| 141|0x0000000613000000, 0x0000000613000000, 0x0000000613200000|  0%| F|  |TAMS 0x0000000613000000, 0x0000000613000000| Untracked 
| 142|0x0000000613200000, 0x0000000613200000, 0x0000000613400000|  0%| F|  |TAMS 0x0000000613200000, 0x0000000613200000| Untracked 
| 143|0x0000000613400000, 0x0000000613400000, 0x0000000613600000|  0%| F|  |TAMS 0x0000000613400000, 0x0000000613400000| Untracked 
| 144|0x0000000613600000, 0x0000000613600000, 0x0000000613800000|  0%| F|  |TAMS 0x0000000613600000, 0x0000000613600000| Untracked 
| 145|0x0000000613800000, 0x0000000613800000, 0x0000000613a00000|  0%| F|  |TAMS 0x0000000613800000, 0x0000000613800000| Untracked 
| 146|0x0000000613a00000, 0x0000000613a00000, 0x0000000613c00000|  0%| F|  |TAMS 0x0000000613a00000, 0x0000000613a00000| Untracked 
| 147|0x0000000613c00000, 0x0000000613c00000, 0x0000000613e00000|  0%| F|  |TAMS 0x0000000613c00000, 0x0000000613c00000| Untracked 
| 148|0x0000000613e00000, 0x0000000613e00000, 0x0000000614000000|  0%| F|  |TAMS 0x0000000613e00000, 0x0000000613e00000| Untracked 
| 149|0x0000000614000000, 0x0000000614000000, 0x0000000614200000|  0%| F|  |TAMS 0x0000000614000000, 0x0000000614000000| Untracked 
| 150|0x0000000614200000, 0x0000000614200000, 0x0000000614400000|  0%| F|  |TAMS 0x0000000614200000, 0x0000000614200000| Untracked 
| 151|0x0000000614400000, 0x0000000614400000, 0x0000000614600000|  0%| F|  |TAMS 0x0000000614400000, 0x0000000614400000| Untracked 
| 152|0x0000000614600000, 0x0000000614600000, 0x0000000614800000|  0%| F|  |TAMS 0x0000000614600000, 0x0000000614600000| Untracked 
| 153|0x0000000614800000, 0x0000000614800000, 0x0000000614a00000|  0%| F|  |TAMS 0x0000000614800000, 0x0000000614800000| Untracked 
| 154|0x0000000614a00000, 0x0000000614a00000, 0x0000000614c00000|  0%| F|  |TAMS 0x0000000614a00000, 0x0000000614a00000| Untracked 
| 155|0x0000000614c00000, 0x0000000614c00000, 0x0000000614e00000|  0%| F|  |TAMS 0x0000000614c00000, 0x0000000614c00000| Untracked 
| 156|0x0000000614e00000, 0x0000000614e00000, 0x0000000615000000|  0%| F|  |TAMS 0x0000000614e00000, 0x0000000614e00000| Untracked 
| 157|0x0000000615000000, 0x0000000615000000, 0x0000000615200000|  0%| F|  |TAMS 0x0000000615000000, 0x0000000615000000| Untracked 
| 158|0x0000000615200000, 0x0000000615200000, 0x0000000615400000|  0%| F|  |TAMS 0x0000000615200000, 0x0000000615200000| Untracked 
| 159|0x0000000615400000, 0x0000000615400000, 0x0000000615600000|  0%| F|  |TAMS 0x0000000615400000, 0x0000000615400000| Untracked 
| 160|0x0000000615600000, 0x0000000615600000, 0x0000000615800000|  0%| F|  |TAMS 0x0000000615600000, 0x0000000615600000| Untracked 
| 161|0x0000000615800000, 0x0000000615800000, 0x0000000615a00000|  0%| F|  |TAMS 0x0000000615800000, 0x0000000615800000| Untracked 
| 162|0x0000000615a00000, 0x0000000615a00000, 0x0000000615c00000|  0%| F|  |TAMS 0x0000000615a00000, 0x0000000615a00000| Untracked 
| 163|0x0000000615c00000, 0x0000000615c00000, 0x0000000615e00000|  0%| F|  |TAMS 0x0000000615c00000, 0x0000000615c00000| Untracked 
| 164|0x0000000615e00000, 0x0000000615e00000, 0x0000000616000000|  0%| F|  |TAMS 0x0000000615e00000, 0x0000000615e00000| Untracked 
| 165|0x0000000616000000, 0x0000000616000000, 0x0000000616200000|  0%| F|  |TAMS 0x0000000616000000, 0x0000000616000000| Untracked 
| 166|0x0000000616200000, 0x0000000616200000, 0x0000000616400000|  0%| F|  |TAMS 0x0000000616200000, 0x0000000616200000| Untracked 
| 167|0x0000000616400000, 0x0000000616400000, 0x0000000616600000|  0%| F|  |TAMS 0x0000000616400000, 0x0000000616400000| Untracked 
| 168|0x0000000616600000, 0x0000000616600000, 0x0000000616800000|  0%| F|  |TAMS 0x0000000616600000, 0x0000000616600000| Untracked 
| 169|0x0000000616800000, 0x0000000616800000, 0x0000000616a00000|  0%| F|  |TAMS 0x0000000616800000, 0x0000000616800000| Untracked 
| 170|0x0000000616a00000, 0x0000000616a00000, 0x0000000616c00000|  0%| F|  |TAMS 0x0000000616a00000, 0x0000000616a00000| Untracked 
| 171|0x0000000616c00000, 0x0000000616c00000, 0x0000000616e00000|  0%| F|  |TAMS 0x0000000616c00000, 0x0000000616c00000| Untracked 
| 172|0x0000000616e00000, 0x0000000616e00000, 0x0000000617000000|  0%| F|  |TAMS 0x0000000616e00000, 0x0000000616e00000| Untracked 
| 173|0x0000000617000000, 0x0000000617000000, 0x0000000617200000|  0%| F|  |TAMS 0x0000000617000000, 0x0000000617000000| Untracked 
| 174|0x0000000617200000, 0x0000000617200000, 0x0000000617400000|  0%| F|  |TAMS 0x0000000617200000, 0x0000000617200000| Untracked 
| 175|0x0000000617400000, 0x0000000617400000, 0x0000000617600000|  0%| F|  |TAMS 0x0000000617400000, 0x0000000617400000| Untracked 
| 176|0x0000000617600000, 0x0000000617600000, 0x0000000617800000|  0%| F|  |TAMS 0x0000000617600000, 0x0000000617600000| Untracked 
| 177|0x0000000617800000, 0x0000000617800000, 0x0000000617a00000|  0%| F|  |TAMS 0x0000000617800000, 0x0000000617800000| Untracked 
| 178|0x0000000617a00000, 0x0000000617a00000, 0x0000000617c00000|  0%| F|  |TAMS 0x0000000617a00000, 0x0000000617a00000| Untracked 
| 179|0x0000000617c00000, 0x0000000617c00000, 0x0000000617e00000|  0%| F|  |TAMS 0x0000000617c00000, 0x0000000617c00000| Untracked 
| 180|0x0000000617e00000, 0x0000000617e00000, 0x0000000618000000|  0%| F|  |TAMS 0x0000000617e00000, 0x0000000617e00000| Untracked 
| 181|0x0000000618000000, 0x0000000618000000, 0x0000000618200000|  0%| F|  |TAMS 0x0000000618000000, 0x0000000618000000| Untracked 
| 182|0x0000000618200000, 0x0000000618200000, 0x0000000618400000|  0%| F|  |TAMS 0x0000000618200000, 0x0000000618200000| Untracked 
| 183|0x0000000618400000, 0x0000000618400000, 0x0000000618600000|  0%| F|  |TAMS 0x0000000618400000, 0x0000000618400000| Untracked 
| 184|0x0000000618600000, 0x0000000618600000, 0x0000000618800000|  0%| F|  |TAMS 0x0000000618600000, 0x0000000618600000| Untracked 
| 185|0x0000000618800000, 0x0000000618800000, 0x0000000618a00000|  0%| F|  |TAMS 0x0000000618800000, 0x0000000618800000| Untracked 
| 186|0x0000000618a00000, 0x0000000618a00000, 0x0000000618c00000|  0%| F|  |TAMS 0x0000000618a00000, 0x0000000618a00000| Untracked 
| 187|0x0000000618c00000, 0x0000000618c00000, 0x0000000618e00000|  0%| F|  |TAMS 0x0000000618c00000, 0x0000000618c00000| Untracked 
| 188|0x0000000618e00000, 0x0000000618e00000, 0x0000000619000000|  0%| F|  |TAMS 0x0000000618e00000, 0x0000000618e00000| Untracked 
| 189|0x0000000619000000, 0x0000000619000000, 0x0000000619200000|  0%| F|  |TAMS 0x0000000619000000, 0x0000000619000000| Untracked 
| 190|0x0000000619200000, 0x0000000619200000, 0x0000000619400000|  0%| F|  |TAMS 0x0000000619200000, 0x0000000619200000| Untracked 
| 191|0x0000000619400000, 0x0000000619400000, 0x0000000619600000|  0%| F|  |TAMS 0x0000000619400000, 0x0000000619400000| Untracked 
| 192|0x0000000619600000, 0x0000000619600000, 0x0000000619800000|  0%| F|  |TAMS 0x0000000619600000, 0x0000000619600000| Untracked 
| 193|0x0000000619800000, 0x0000000619800000, 0x0000000619a00000|  0%| F|  |TAMS 0x0000000619800000, 0x0000000619800000| Untracked 
| 194|0x0000000619a00000, 0x0000000619a00000, 0x0000000619c00000|  0%| F|  |TAMS 0x0000000619a00000, 0x0000000619a00000| Untracked 
| 195|0x0000000619c00000, 0x0000000619c00000, 0x0000000619e00000|  0%| F|  |TAMS 0x0000000619c00000, 0x0000000619c00000| Untracked 
| 196|0x0000000619e00000, 0x0000000619e00000, 0x000000061a000000|  0%| F|  |TAMS 0x0000000619e00000, 0x0000000619e00000| Untracked 
| 197|0x000000061a000000, 0x000000061a000000, 0x000000061a200000|  0%| F|  |TAMS 0x000000061a000000, 0x000000061a000000| Untracked 
| 198|0x000000061a200000, 0x000000061a200000, 0x000000061a400000|  0%| F|  |TAMS 0x000000061a200000, 0x000000061a200000| Untracked 
| 199|0x000000061a400000, 0x000000061a400000, 0x000000061a600000|  0%| F|  |TAMS 0x000000061a400000, 0x000000061a400000| Untracked 
| 200|0x000000061a600000, 0x000000061a600000, 0x000000061a800000|  0%| F|  |TAMS 0x000000061a600000, 0x000000061a600000| Untracked 
| 201|0x000000061a800000, 0x000000061a800000, 0x000000061aa00000|  0%| F|  |TAMS 0x000000061a800000, 0x000000061a800000| Untracked 
| 202|0x000000061aa00000, 0x000000061aa00000, 0x000000061ac00000|  0%| F|  |TAMS 0x000000061aa00000, 0x000000061aa00000| Untracked 
| 203|0x000000061ac00000, 0x000000061ac00000, 0x000000061ae00000|  0%| F|  |TAMS 0x000000061ac00000, 0x000000061ac00000| Untracked 
| 204|0x000000061ae00000, 0x000000061ae00000, 0x000000061b000000|  0%| F|  |TAMS 0x000000061ae00000, 0x000000061ae00000| Untracked 
| 205|0x000000061b000000, 0x000000061b000000, 0x000000061b200000|  0%| F|  |TAMS 0x000000061b000000, 0x000000061b000000| Untracked 
| 206|0x000000061b200000, 0x000000061b200000, 0x000000061b400000|  0%| F|  |TAMS 0x000000061b200000, 0x000000061b200000| Untracked 
| 207|0x000000061b400000, 0x000000061b400000, 0x000000061b600000|  0%| F|  |TAMS 0x000000061b400000, 0x000000061b400000| Untracked 
| 208|0x000000061b600000, 0x000000061b600000, 0x000000061b800000|  0%| F|  |TAMS 0x000000061b600000, 0x000000061b600000| Untracked 
| 209|0x000000061b800000, 0x000000061b800000, 0x000000061ba00000|  0%| F|  |TAMS 0x000000061b800000, 0x000000061b800000| Untracked 
| 210|0x000000061ba00000, 0x000000061ba00000, 0x000000061bc00000|  0%| F|  |TAMS 0x000000061ba00000, 0x000000061ba00000| Untracked 
| 211|0x000000061bc00000, 0x000000061bc00000, 0x000000061be00000|  0%| F|  |TAMS 0x000000061bc00000, 0x000000061bc00000| Untracked 
| 212|0x000000061be00000, 0x000000061be00000, 0x000000061c000000|  0%| F|  |TAMS 0x000000061be00000, 0x000000061be00000| Untracked 
| 213|0x000000061c000000, 0x000000061c000000, 0x000000061c200000|  0%| F|  |TAMS 0x000000061c000000, 0x000000061c000000| Untracked 
| 214|0x000000061c200000, 0x000000061c200000, 0x000000061c400000|  0%| F|  |TAMS 0x000000061c200000, 0x000000061c200000| Untracked 
| 215|0x000000061c400000, 0x000000061c400000, 0x000000061c600000|  0%| F|  |TAMS 0x000000061c400000, 0x000000061c400000| Untracked 
| 216|0x000000061c600000, 0x000000061c600000, 0x000000061c800000|  0%| F|  |TAMS 0x000000061c600000, 0x000000061c600000| Untracked 
| 217|0x000000061c800000, 0x000000061c800000, 0x000000061ca00000|  0%| F|  |TAMS 0x000000061c800000, 0x000000061c800000| Untracked 
| 218|0x000000061ca00000, 0x000000061ca00000, 0x000000061cc00000|  0%| F|  |TAMS 0x000000061ca00000, 0x000000061ca00000| Untracked 
| 219|0x000000061cc00000, 0x000000061cc00000, 0x000000061ce00000|  0%| F|  |TAMS 0x000000061cc00000, 0x000000061cc00000| Untracked 
| 220|0x000000061ce00000, 0x000000061ce00000, 0x000000061d000000|  0%| F|  |TAMS 0x000000061ce00000, 0x000000061ce00000| Untracked 
| 221|0x000000061d000000, 0x000000061d000000, 0x000000061d200000|  0%| F|  |TAMS 0x000000061d000000, 0x000000061d000000| Untracked 
| 222|0x000000061d200000, 0x000000061d200000, 0x000000061d400000|  0%| F|  |TAMS 0x000000061d200000, 0x000000061d200000| Untracked 
| 223|0x000000061d400000, 0x000000061d400000, 0x000000061d600000|  0%| F|  |TAMS 0x000000061d400000, 0x000000061d400000| Untracked 
| 224|0x000000061d600000, 0x000000061d600000, 0x000000061d800000|  0%| F|  |TAMS 0x000000061d600000, 0x000000061d600000| Untracked 
| 225|0x000000061d800000, 0x000000061d800000, 0x000000061da00000|  0%| F|  |TAMS 0x000000061d800000, 0x000000061d800000| Untracked 
| 226|0x000000061da00000, 0x000000061da00000, 0x000000061dc00000|  0%| F|  |TAMS 0x000000061da00000, 0x000000061da00000| Untracked 
| 227|0x000000061dc00000, 0x000000061dc00000, 0x000000061de00000|  0%| F|  |TAMS 0x000000061dc00000, 0x000000061dc00000| Untracked 
| 228|0x000000061de00000, 0x000000061de00000, 0x000000061e000000|  0%| F|  |TAMS 0x000000061de00000, 0x000000061de00000| Untracked 
| 229|0x000000061e000000, 0x000000061e000000, 0x000000061e200000|  0%| F|  |TAMS 0x000000061e000000, 0x000000061e000000| Untracked 
| 230|0x000000061e200000, 0x000000061e200000, 0x000000061e400000|  0%| F|  |TAMS 0x000000061e200000, 0x000000061e200000| Untracked 
| 231|0x000000061e400000, 0x000000061e400000, 0x000000061e600000|  0%| F|  |TAMS 0x000000061e400000, 0x000000061e400000| Untracked 
| 232|0x000000061e600000, 0x000000061e600000, 0x000000061e800000|  0%| F|  |TAMS 0x000000061e600000, 0x000000061e600000| Untracked 
| 233|0x000000061e800000, 0x000000061e800000, 0x000000061ea00000|  0%| F|  |TAMS 0x000000061e800000, 0x000000061e800000| Untracked 
| 234|0x000000061ea00000, 0x000000061ea00000, 0x000000061ec00000|  0%| F|  |TAMS 0x000000061ea00000, 0x000000061ea00000| Untracked 
| 235|0x000000061ec00000, 0x000000061ec00000, 0x000000061ee00000|  0%| F|  |TAMS 0x000000061ec00000, 0x000000061ec00000| Untracked 
| 236|0x000000061ee00000, 0x000000061ee00000, 0x000000061f000000|  0%| F|  |TAMS 0x000000061ee00000, 0x000000061ee00000| Untracked 
| 237|0x000000061f000000, 0x000000061f000000, 0x000000061f200000|  0%| F|  |TAMS 0x000000061f000000, 0x000000061f000000| Untracked 
| 238|0x000000061f200000, 0x000000061f200000, 0x000000061f400000|  0%| F|  |TAMS 0x000000061f200000, 0x000000061f200000| Untracked 
| 239|0x000000061f400000, 0x000000061f400000, 0x000000061f600000|  0%| F|  |TAMS 0x000000061f400000, 0x000000061f400000| Untracked 
| 240|0x000000061f600000, 0x000000061f600000, 0x000000061f800000|  0%| F|  |TAMS 0x000000061f600000, 0x000000061f600000| Untracked 
| 241|0x000000061f800000, 0x000000061f800000, 0x000000061fa00000|  0%| F|  |TAMS 0x000000061f800000, 0x000000061f800000| Untracked 
| 242|0x000000061fa00000, 0x000000061fa00000, 0x000000061fc00000|  0%| F|  |TAMS 0x000000061fa00000, 0x000000061fa00000| Untracked 
| 243|0x000000061fc00000, 0x000000061fc00000, 0x000000061fe00000|  0%| F|  |TAMS 0x000000061fc00000, 0x000000061fc00000| Untracked 
| 244|0x000000061fe00000, 0x000000061fe00000, 0x0000000620000000|  0%| F|  |TAMS 0x000000061fe00000, 0x000000061fe00000| Untracked 
| 245|0x0000000620000000, 0x00000006200f6478, 0x0000000620200000| 48%| E|  |TAMS 0x0000000620000000, 0x0000000620000000| Complete 
| 246|0x0000000620200000, 0x0000000620400000, 0x0000000620400000|100%| E|CS|TAMS 0x0000000620200000, 0x0000000620200000| Complete 
| 247|0x0000000620400000, 0x0000000620600000, 0x0000000620600000|100%| E|CS|TAMS 0x0000000620400000, 0x0000000620400000| Complete 
| 248|0x0000000620600000, 0x0000000620800000, 0x0000000620800000|100%| E|CS|TAMS 0x0000000620600000, 0x0000000620600000| Complete 
| 249|0x0000000620800000, 0x0000000620a00000, 0x0000000620a00000|100%| E|CS|TAMS 0x0000000620800000, 0x0000000620800000| Complete 
| 250|0x0000000620a00000, 0x0000000620c00000, 0x0000000620c00000|100%| E|CS|TAMS 0x0000000620a00000, 0x0000000620a00000| Complete 
| 251|0x0000000620c00000, 0x0000000620e00000, 0x0000000620e00000|100%| E|CS|TAMS 0x0000000620c00000, 0x0000000620c00000| Complete 
| 252|0x0000000620e00000, 0x0000000621000000, 0x0000000621000000|100%| E|CS|TAMS 0x0000000620e00000, 0x0000000620e00000| Complete 
| 253|0x0000000621000000, 0x0000000621200000, 0x0000000621200000|100%| E|CS|TAMS 0x0000000621000000, 0x0000000621000000| Complete 
| 254|0x0000000621200000, 0x0000000621400000, 0x0000000621400000|100%| E|CS|TAMS 0x0000000621200000, 0x0000000621200000| Complete 
| 255|0x0000000621400000, 0x0000000621600000, 0x0000000621600000|100%| E|CS|TAMS 0x0000000621400000, 0x0000000621400000| Complete 

Card table byte_map: [0x00000217d0ab0000,0x00000217d1ab0000] _byte_map_base: 0x00000217cdaa5000

Marking Bits (Prev, Next): (CMBitMap*) 0x00000217b7996698, (CMBitMap*) 0x00000217b79966d0
 Prev Bits: [0x00000217d2ab0000, 0x00000217daa58000)
 Next Bits: [0x00000217daa60000, 0x00000217e2a08000)

Polling page: 0x00000217b5800000

Metaspace:

Usage:
  Non-class:     10.50 MB capacity,    10.36 MB ( 99%) used,   129.65 KB (  1%) free+waste,    13.38 KB ( <1%) overhead. 
      Class:    947.00 KB capacity,   893.45 KB ( 94%) used,    47.92 KB (  5%) free+waste,     5.63 KB ( <1%) overhead. 
       Both:     11.43 MB capacity,    11.24 MB ( 98%) used,   177.57 KB (  2%) free+waste,    19.00 KB ( <1%) overhead. 

Virtual space:
  Non-class space:       12.00 MB reserved,      10.75 MB ( 90%) committed 
      Class space:        1.00 GB reserved,       1.00 MB ( <1%) committed 
             Both:        1.01 GB reserved,      11.75 MB (  1%) committed 

Chunk freelists:
   Non-Class:  124.00 KB
       Class:  13.00 KB
        Both:  137.00 KB

MaxMetaspaceSize: 17179869184.00 GB
CompressedClassSpaceSize: 1.00 GB

CodeHeap 'non-profiled nmethods': size=119168Kb used=254Kb max_used=254Kb free=118913Kb
 bounds [0x00000217c7bb0000, 0x00000217c7e20000, 0x00000217cf010000]
CodeHeap 'profiled nmethods': size=119168Kb used=1709Kb max_used=1709Kb free=117458Kb
 bounds [0x00000217c0750000, 0x00000217c09c0000, 0x00000217c7bb0000]
CodeHeap 'non-nmethods': size=7424Kb used=2027Kb max_used=2035Kb free=5397Kb
 bounds [0x00000217c0010000, 0x00000217c0280000, 0x00000217c0750000]
 total_blobs=1866 nmethods=897 adapters=880
 compilation: enabled
              stopped_count=0, restarted_count=0
 full_count=0

Compilation events (20 events):
Event: 0.482 Thread 0x00000217e67ef800 nmethod 886 0x00000217c08f2510 code [0x00000217c08f2720, 0x00000217c08f2f78]
Event: 0.483 Thread 0x00000217e6713800 nmethod 888 0x00000217c08f3190 code [0x00000217c08f3340, 0x00000217c08f3498]
Event: 0.483 Thread 0x00000217e67ef800  892       3       java.util.zip.ZipFile$ZipFileInputStream::<init> (96 bytes)
Event: 0.483 Thread 0x00000217e6713800  893   !   3       java.util.zip.ZipFile$CleanableResource::getInflater (47 bytes)
Event: 0.484 Thread 0x00000217e6713800 nmethod 893 0x00000217c08f3590 code [0x00000217c08f37a0, 0x00000217c08f3f48]
Event: 0.484 Thread 0x00000217e6713800  894       3       java.util.zip.ZipFile$ZipFileInflaterInputStream::<init> (41 bytes)
Event: 0.484 Thread 0x00000217e67ef800 nmethod 892 0x00000217c08f4190 code [0x00000217c08f43e0, 0x00000217c08f4e48]
Event: 0.484 Thread 0x00000217e67ef800  895       3       java.security.SecureClassLoader$CodeSourceKey::equals (56 bytes)
Event: 0.484 Thread 0x00000217e6713800 nmethod 894 0x00000217c08f5290 code [0x00000217c08f54c0, 0x00000217c08f5c18]
Event: 0.484 Thread 0x00000217e6713800  896       3       java.security.CodeSource::matchCerts (254 bytes)
Event: 0.484 Thread 0x00000217e67ef800 nmethod 895 0x00000217c08f5f10 code [0x00000217c08f6120, 0x00000217c08f6778]
Event: 0.484 Thread 0x00000217e6713800 nmethod 896 0x00000217c08f6990 code [0x00000217c08f6be0, 0x00000217c08f76f8]
Event: 0.485 Thread 0x00000217e67ef800  898       3       java.lang.String::substring (68 bytes)
Event: 0.486 Thread 0x00000217e67ef800 nmethod 898 0x00000217c08f7a90 code [0x00000217c08f7ce0, 0x00000217c08f8438]
Event: 0.493 Thread 0x00000217e6713800  900       3       java.lang.ClassLoader::definePackage (84 bytes)
Event: 0.493 Thread 0x00000217e67ef800  901       3       java.lang.Package::isSealed (26 bytes)
Event: 0.494 Thread 0x00000217e67ef800 nmethod 901 0x00000217c08f8710 code [0x00000217c08f88e0, 0x00000217c08f8bf8]
Event: 0.494 Thread 0x00000217e67ef800  902       3       java.lang.ClassLoader::compareCerts (201 bytes)
Event: 0.494 Thread 0x00000217e6713800 nmethod 900 0x00000217c08f8d10 code [0x00000217c08f9020, 0x00000217c08fa1d8]
Event: 0.494 Thread 0x00000217e67ef800 nmethod 902 0x00000217c08fa710 code [0x00000217c08fa940, 0x00000217c08fb1f8]

GC Heap History (0 events):
No events

Deoptimization events (20 events):
Event: 0.121 Thread 0x00000217b790b800 DEOPT PACKING pc=0x00000217c0792be8 sp=0x000000cd4a5f76c0
Event: 0.121 Thread 0x00000217b790b800 DEOPT UNPACKING pc=0x00000217c003705e sp=0x000000cd4a5f6b30 mode 0
Event: 0.134 Thread 0x00000217b790b800 DEOPT PACKING pc=0x00000217c07bfcc2 sp=0x000000cd4a5fc8f0
Event: 0.134 Thread 0x00000217b790b800 DEOPT UNPACKING pc=0x00000217c003705e sp=0x000000cd4a5fbd58 mode 0
Event: 0.138 Thread 0x00000217b790b800 Uncommon trap: trap_request=0xffffff4d fr.pc=0x00000217c7bbdb80 relative=0x0000000000000060
Event: 0.138 Thread 0x00000217b790b800 Uncommon trap: reason=unstable_if action=reinterpret pc=0x00000217c7bbdb80 method=java.io.WinNTFileSystem.isSlash(C)Z @ 9 c2
Event: 0.138 Thread 0x00000217b790b800 DEOPT PACKING pc=0x00000217c7bbdb80 sp=0x000000cd4a5feaa0
Event: 0.138 Thread 0x00000217b790b800 DEOPT UNPACKING pc=0x00000217c00368af sp=0x000000cd4a5fea28 mode 2
Event: 0.144 Thread 0x00000217b790b800 DEOPT PACKING pc=0x00000217c0785dff sp=0x000000cd4a5fc690
Event: 0.144 Thread 0x00000217b790b800 DEOPT UNPACKING pc=0x00000217c003705e sp=0x000000cd4a5fbae0 mode 0
Event: 0.183 Thread 0x00000217b790b800 Uncommon trap: trap_request=0xffffff4d fr.pc=0x00000217c7bbfddc relative=0x000000000000003c
Event: 0.183 Thread 0x00000217b790b800 Uncommon trap: reason=unstable_if action=reinterpret pc=0x00000217c7bbfddc method=sun.nio.fs.WindowsPathParser.isSlash(C)Z @ 9 c2
Event: 0.183 Thread 0x00000217b790b800 DEOPT PACKING pc=0x00000217c7bbfddc sp=0x000000cd4a5fbe80
Event: 0.183 Thread 0x00000217b790b800 DEOPT UNPACKING pc=0x00000217c00368af sp=0x000000cd4a5fbe08 mode 2
Event: 0.394 Thread 0x00000217b790b800 DEOPT PACKING pc=0x00000217c078695b sp=0x000000cd4a5fdf40
Event: 0.394 Thread 0x00000217b790b800 DEOPT UNPACKING pc=0x00000217c003705e sp=0x000000cd4a5fd3b8 mode 0
Event: 0.397 Thread 0x00000217b790b800 Uncommon trap: trap_request=0xffffff64 fr.pc=0x00000217c7be6d74 relative=0x0000000000000054
Event: 0.397 Thread 0x00000217b790b800 Uncommon trap: reason=speculate_null_check action=make_not_entrant pc=0x00000217c7be6d74 method=sun.misc.Unsafe.getLong(Ljava/lang/Object;J)J @ 5 c2
Event: 0.397 Thread 0x00000217b790b800 DEOPT PACKING pc=0x00000217c7be6d74 sp=0x000000cd4a5fef20
Event: 0.397 Thread 0x00000217b790b800 DEOPT UNPACKING pc=0x00000217c00368af sp=0x000000cd4a5fee98 mode 2

Classes redefined (0 events):
No events

Internal exceptions (20 events):
Event: 0.237 Thread 0x00000217b790b800 Exception <a 'java/security/PrivilegedActionException'{0x0000000620932ed8}> (0x0000000620932ed8) thrown at [./src/hotspot/share/prims/jvm.cpp, line 1306]
Event: 0.244 Thread 0x00000217b790b800 Exception <a 'sun/nio/fs/WindowsException'{0x000000062096f798}> (0x000000062096f798) thrown at [./src/hotspot/share/prims/jni.cpp, line 615]
Event: 0.244 Thread 0x00000217b790b800 Exception <a 'sun/nio/fs/WindowsException'{0x000000062096fb18}> (0x000000062096fb18) thrown at [./src/hotspot/share/prims/jni.cpp, line 615]
Event: 0.247 Thread 0x00000217b790b800 Exception <a 'java/security/PrivilegedActionException'{0x0000000620995d80}> (0x0000000620995d80) thrown at [./src/hotspot/share/prims/jvm.cpp, line 1306]
Event: 0.247 Thread 0x00000217b790b800 Exception <a 'java/security/PrivilegedActionException'{0x0000000620996050}> (0x0000000620996050) thrown at [./src/hotspot/share/prims/jvm.cpp, line 1306]
Event: 0.248 Thread 0x00000217b790b800 Exception <a 'java/security/PrivilegedActionException'{0x00000006209ab920}> (0x00000006209ab920) thrown at [./src/hotspot/share/prims/jvm.cpp, line 1306]
Event: 0.248 Thread 0x00000217b790b800 Exception <a 'java/security/PrivilegedActionException'{0x00000006209abbf0}> (0x00000006209abbf0) thrown at [./src/hotspot/share/prims/jvm.cpp, line 1306]
Event: 0.293 Thread 0x00000217b790b800 Exception <a 'java/lang/NoSuchMethodError'{0x000000062060db50}: 'java.lang.Object java.lang.invoke.DirectMethodHandle$Holder.invokeStatic(java.lang.Object, long)'> (0x000000062060db50) thrown at [./src/hotspot/share/interpreter/linkResolver.cpp, line 773]
Event: 0.293 Thread 0x00000217b790b800 Exception <a 'java/lang/NoSuchMethodError'{0x0000000620610bd0}: 'java.lang.Object java.lang.invoke.DirectMethodHandle$Holder.invokeSpecial(java.lang.Object, java.lang.Object, long)'> (0x0000000620610bd0) thrown at [./src/hotspot/share/interpreter/linkResolver.cpp, line 773]
Event: 0.293 Thread 0x00000217b790b800 Exception <a 'java/lang/NoSuchMethodError'{0x0000000620613690}: 'java.lang.Object java.lang.invoke.Invokers$Holder.linkToTargetMethod(long, java.lang.Object)'> (0x0000000620613690) thrown at [./src/hotspot/share/interpreter/linkResolver.cpp, line 773]
Event: 0.293 Thread 0x00000217b790b800 Exception <a 'java/security/PrivilegedActionException'{0x000000062061bb98}> (0x000000062061bb98) thrown at [./src/hotspot/share/prims/jvm.cpp, line 1306]
Event: 0.293 Thread 0x00000217b790b800 Exception <a 'java/security/PrivilegedActionException'{0x000000062061be68}> (0x000000062061be68) thrown at [./src/hotspot/share/prims/jvm.cpp, line 1306]
Event: 0.393 Thread 0x00000217b790b800 Exception <a 'sun/nio/fs/WindowsException'{0x00000006207a6b28}> (0x00000006207a6b28) thrown at [./src/hotspot/share/prims/jni.cpp, line 615]
Event: 0.393 Thread 0x00000217b790b800 Exception <a 'sun/nio/fs/WindowsException'{0x00000006207a6ed0}> (0x00000006207a6ed0) thrown at [./src/hotspot/share/prims/jni.cpp, line 615]
Event: 0.394 Thread 0x00000217b790b800 Exception <a 'sun/nio/fs/WindowsException'{0x00000006207daf08}> (0x00000006207daf08) thrown at [./src/hotspot/share/prims/jni.cpp, line 615]
Event: 0.395 Thread 0x00000217b790b800 Exception <a 'sun/nio/fs/WindowsException'{0x00000006207db1e8}> (0x00000006207db1e8) thrown at [./src/hotspot/share/prims/jni.cpp, line 615]
Event: 0.435 Thread 0x00000217b790b800 Exception <a 'java/security/PrivilegedActionException'{0x0000000620572b40}> (0x0000000620572b40) thrown at [./src/hotspot/share/prims/jvm.cpp, line 1306]
Event: 0.435 Thread 0x00000217b790b800 Exception <a 'java/security/PrivilegedActionException'{0x0000000620572e10}> (0x0000000620572e10) thrown at [./src/hotspot/share/prims/jvm.cpp, line 1306]
Event: 0.482 Thread 0x00000217b790b800 Exception <a 'java/security/PrivilegedActionException'{0x000000062002ce98}> (0x000000062002ce98) thrown at [./src/hotspot/share/prims/jvm.cpp, line 1306]
Event: 0.482 Thread 0x00000217b790b800 Exception <a 'java/security/PrivilegedActionException'{0x000000062002d168}> (0x000000062002d168) thrown at [./src/hotspot/share/prims/jvm.cpp, line 1306]

Events (20 events):
Event: 0.487 loading class sun/net/ProgressMeteringPolicy done
Event: 0.487 loading class sun/net/DefaultProgressMeteringPolicy done
Event: 0.487 loading class com/badlogic/gdx/utils/StreamUtils
Event: 0.487 loading class com/badlogic/gdx/utils/StreamUtils done
Event: 0.488 loading class com/badlogic/gdx/utils/StreamUtils$OptimizedByteArrayOutputStream
Event: 0.488 loading class com/badlogic/gdx/utils/StreamUtils$OptimizedByteArrayOutputStream done
Event: 0.488 loading class java/io/ByteArrayOutputStream
Event: 0.488 loading class java/io/ByteArrayOutputStream done
Event: 0.488 loading class com/badlogic/gdx/graphics/g2d/Gdx2DPixmap
Event: 0.488 loading class com/badlogic/gdx/graphics/g2d/Gdx2DPixmap done
Event: 0.493 loading class com/badlogic/gdx/graphics/Pixmap$Format
Event: 0.493 loading class com/badlogic/gdx/graphics/Pixmap$Format done
Event: 0.493 loading class com/badlogic/gdx/graphics/Texture$TextureFilter
Event: 0.493 loading class com/badlogic/gdx/graphics/Texture$TextureFilter done
Event: 0.493 loading class com/badlogic/gdx/graphics/Texture$TextureWrap
Event: 0.493 loading class com/badlogic/gdx/graphics/Texture$TextureWrap done
Event: 0.493 loading class com/badlogic/gdx/graphics/TextureData$TextureDataType
Event: 0.493 loading class com/badlogic/gdx/graphics/TextureData$TextureDataType done
Event: 0.499 loading class com/badlogic/gdx/utils/ScreenUtils
Event: 0.499 loading class com/badlogic/gdx/utils/ScreenUtils done


Dynamic libraries:
0x00007ff771830000 - 0x00007ff77183d000 	C:\Program Files\AdoptOpenJDK\jdk-11.0.11.9-hotspot\bin\javaw.exe
0x00007ffd43950000 - 0x00007ffd43b48000 	C:\WINDOWS\SYSTEM32\ntdll.dll
0x00007ffd42e80000 - 0x00007ffd42f3f000 	C:\WINDOWS\System32\KERNEL32.DLL
0x00007ffd410e0000 - 0x00007ffd413b2000 	C:\WINDOWS\System32\KERNELBASE.dll
0x00007ffd41740000 - 0x00007ffd41840000 	C:\WINDOWS\System32\ucrtbase.dll
0x00007ffd19ed0000 - 0x00007ffd19ee7000 	C:\Program Files\AdoptOpenJDK\jdk-11.0.11.9-hotspot\bin\jli.dll
0x00007ffd17650000 - 0x00007ffd17665000 	C:\Program Files\AdoptOpenJDK\jdk-11.0.11.9-hotspot\bin\VCRUNTIME140.dll
0x00007ffd42b50000 - 0x00007ffd42cf1000 	C:\WINDOWS\System32\USER32.dll
0x00007ffd41680000 - 0x00007ffd416a2000 	C:\WINDOWS\System32\win32u.dll
0x00007ffd2cd40000 - 0x00007ffd2cfda000 	C:\WINDOWS\WinSxS\amd64_microsoft.windows.common-controls_6595b64144ccf1df_6.0.19041.1110_none_60b5254171f9507e\COMCTL32.dll
0x00007ffd41d60000 - 0x00007ffd41d8b000 	C:\WINDOWS\System32\GDI32.dll
0x00007ffd41b10000 - 0x00007ffd41bae000 	C:\WINDOWS\System32\msvcrt.dll
0x00007ffd41410000 - 0x00007ffd4151f000 	C:\WINDOWS\System32\gdi32full.dll
0x00007ffd418f0000 - 0x00007ffd4198d000 	C:\WINDOWS\System32\msvcp_win.dll
0x00007ffd42fa0000 - 0x00007ffd42fd2000 	C:\WINDOWS\System32\IMM32.DLL
0x00007ffd10670000 - 0x00007ffd1070b000 	C:\Program Files\AdoptOpenJDK\jdk-11.0.11.9-hotspot\bin\msvcp140.dll
0x00007ffcf08e0000 - 0x00007ffcf142b000 	C:\Program Files\AdoptOpenJDK\jdk-11.0.11.9-hotspot\bin\server\jvm.dll
0x00007ffd423f0000 - 0x00007ffd4249e000 	C:\WINDOWS\System32\ADVAPI32.dll
0x00007ffd41a70000 - 0x00007ffd41b0c000 	C:\WINDOWS\System32\sechost.dll
0x00007ffd43730000 - 0x00007ffd43855000 	C:\WINDOWS\System32\RPCRT4.dll
0x00007ffd424a0000 - 0x00007ffd424a8000 	C:\WINDOWS\System32\PSAPI.DLL
0x00007ffd3d790000 - 0x00007ffd3d799000 	C:\WINDOWS\SYSTEM32\WSOCK32.dll
0x00007ffd383c0000 - 0x00007ffd383e7000 	C:\WINDOWS\SYSTEM32\WINMM.dll
0x00007ffd39560000 - 0x00007ffd3956a000 	C:\WINDOWS\SYSTEM32\VERSION.dll
0x00007ffd42550000 - 0x00007ffd425bb000 	C:\WINDOWS\System32\WS2_32.dll
0x00007ffd3f8b0000 - 0x00007ffd3f8c2000 	C:\WINDOWS\SYSTEM32\kernel.appcore.dll
0x00007ffd3e360000 - 0x00007ffd3e370000 	C:\Program Files\AdoptOpenJDK\jdk-11.0.11.9-hotspot\bin\verify.dll
0x00007ffd3ed80000 - 0x00007ffd3ef64000 	C:\WINDOWS\SYSTEM32\DBGHELP.DLL
0x00007ffd2bb90000 - 0x00007ffd2bbc5000 	C:\WINDOWS\SYSTEM32\dbgcore.DLL
0x00007ffd416b0000 - 0x00007ffd41732000 	C:\WINDOWS\System32\bcryptPrimitives.dll
0x00007ffd30fd0000 - 0x00007ffd30ff8000 	C:\Program Files\AdoptOpenJDK\jdk-11.0.11.9-hotspot\bin\java.dll
0x00007ffd39fc0000 - 0x00007ffd39fca000 	C:\Program Files\AdoptOpenJDK\jdk-11.0.11.9-hotspot\bin\jimage.dll
0x00007ffd39f70000 - 0x00007ffd39f87000 	C:\Program Files\AdoptOpenJDK\jdk-11.0.11.9-hotspot\bin\zip.dll
0x00007ffd42fe0000 - 0x00007ffd43724000 	C:\WINDOWS\System32\SHELL32.dll
0x00007ffd3ef70000 - 0x00007ffd3f702000 	C:\WINDOWS\SYSTEM32\windows.storage.dll
0x00007ffd427f0000 - 0x00007ffd42b45000 	C:\WINDOWS\System32\combase.dll
0x00007ffd40aa0000 - 0x00007ffd40ad0000 	C:\WINDOWS\SYSTEM32\Wldp.dll
0x00007ffd43860000 - 0x00007ffd4390d000 	C:\WINDOWS\System32\SHCORE.dll
0x00007ffd42390000 - 0x00007ffd423e5000 	C:\WINDOWS\System32\shlwapi.dll
0x00007ffd40f80000 - 0x00007ffd40f9f000 	C:\WINDOWS\SYSTEM32\profapi.dll
0x00007ffd39be0000 - 0x00007ffd39bf9000 	C:\Program Files\AdoptOpenJDK\jdk-11.0.11.9-hotspot\bin\net.dll
0x00007ffd39270000 - 0x00007ffd3937c000 	C:\WINDOWS\SYSTEM32\WINHTTP.dll
0x00007ffd40800000 - 0x00007ffd4086a000 	C:\WINDOWS\system32\mswsock.dll
0x00007ffd326f0000 - 0x00007ffd32702000 	C:\Program Files\AdoptOpenJDK\jdk-11.0.11.9-hotspot\bin\nio.dll
0x0000000064d70000 - 0x0000000064d99000 	C:\Users\micha\AppData\Local\Temp\libgdxmicha\e787ab0a\gdx64.dll
0x00007ffd142e0000 - 0x00007ffd14355000 	C:\Users\micha\AppData\Local\Temp\lwjglmicha\3.3.1-build-7\lwjgl.dll
0x00007ffd044d0000 - 0x00007ffd04729000 	C:\Users\micha\AppData\Local\Temp\lwjglmicha\3.3.1-build-7\jemalloc.dll
0x00007ffd14270000 - 0x00007ffd142d1000 	C:\Users\micha\AppData\Local\Temp\lwjglmicha\3.3.1-build-7\glfw.dll
0x00007ffcedd40000 - 0x00007ffcedd85000 	C:\WINDOWS\SYSTEM32\dinput8.dll
0x00007ffd1ae10000 - 0x00007ffd1ae21000 	C:\WINDOWS\SYSTEM32\xinput1_4.dll
0x00007ffd413c0000 - 0x00007ffd4140e000 	C:\WINDOWS\System32\cfgmgr32.dll
0x00007ffd40df0000 - 0x00007ffd40e1c000 	C:\WINDOWS\SYSTEM32\DEVOBJ.dll
0x00007ffd3e7f0000 - 0x00007ffd3e81f000 	C:\WINDOWS\SYSTEM32\dwmapi.dll
0x00007ffd3b860000 - 0x00007ffd3b9b2000 	C:\WINDOWS\SYSTEM32\inputhost.dll
0x00007ffd42d00000 - 0x00007ffd42dcd000 	C:\WINDOWS\System32\OLEAUT32.dll
0x00007ffd3e110000 - 0x00007ffd3e202000 	C:\WINDOWS\SYSTEM32\CoreMessaging.dll
0x00007ffd3c8e0000 - 0x00007ffd3ca34000 	C:\WINDOWS\SYSTEM32\wintypes.dll
0x00007ffd3c530000 - 0x00007ffd3c626000 	C:\WINDOWS\SYSTEM32\PROPSYS.dll
0x00007ffd3ddb0000 - 0x00007ffd3e10e000 	C:\WINDOWS\SYSTEM32\CoreUIComponents.dll
0x00007ffd401d0000 - 0x00007ffd40203000 	C:\WINDOWS\SYSTEM32\ntmarta.dll
0x00007ffd3e570000 - 0x00007ffd3e60e000 	C:\WINDOWS\system32\uxtheme.dll
0x00007ffd42650000 - 0x00007ffd42765000 	C:\WINDOWS\System32\MSCTF.dll
0x00007ffd0ad20000 - 0x00007ffd0aeb7000 	C:\Users\micha\AppData\Local\Temp\lwjglmicha\3.3.1-build-7\OpenAL.dll
0x00007ffd42260000 - 0x00007ffd4238a000 	C:\WINDOWS\System32\ole32.dll
0x00007ffd42dd0000 - 0x00007ffd42e7f000 	C:\WINDOWS\System32\clbcatq.dll
0x00007ffd3b180000 - 0x00007ffd3b205000 	C:\WINDOWS\System32\MMDevApi.dll
0x00007ffd3b250000 - 0x00007ffd3b3d2000 	C:\WINDOWS\SYSTEM32\AUDIOSES.DLL
0x00007ffd40610000 - 0x00007ffd4065b000 	C:\WINDOWS\SYSTEM32\powrprof.dll
0x00007ffd40480000 - 0x00007ffd40492000 	C:\WINDOWS\SYSTEM32\UMPDC.dll
0x00007ffd3e6f0000 - 0x00007ffd3e704000 	C:\WINDOWS\SYSTEM32\resourcepolicyclient.dll
0x00007ffd092b0000 - 0x00007ffd093d5000 	C:\WINDOWS\SYSTEM32\opengl32.dll
0x00007ffd20800000 - 0x00007ffd2082c000 	C:\WINDOWS\SYSTEM32\GLU32.dll
0x00007ffd3b030000 - 0x00007ffd3b127000 	C:\Windows\System32\AppXDeploymentClient.dll
0x00007ffcb2bc0000 - 0x00007ffcb64f1000 	C:\WINDOWS\System32\DriverStore\FileRepository\nvaeig.inf_amd64_86c956bb5d45419c\nvoglv64.dll
0x00007ffd41df0000 - 0x00007ffd42258000 	C:\WINDOWS\System32\SETUPAPI.dll
0x00007ffd410b0000 - 0x00007ffd410d7000 	C:\WINDOWS\System32\bcrypt.dll
0x00007ffd3c690000 - 0x00007ffd3c6a4000 	C:\WINDOWS\SYSTEM32\WTSAPI32.dll
0x00007ffd40c30000 - 0x00007ffd40c42000 	C:\WINDOWS\SYSTEM32\msasn1.dll
0x00007ffd393a0000 - 0x00007ffd393d1000 	C:\WINDOWS\SYSTEM32\cryptnet.dll
0x00007ffd41520000 - 0x00007ffd41676000 	C:\WINDOWS\System32\CRYPT32.dll
0x00007ffd390d0000 - 0x00007ffd39218000 	C:\WINDOWS\SYSTEM32\drvstore.dll
0x00007ffd40a10000 - 0x00007ffd40a1c000 	C:\WINDOWS\SYSTEM32\cryptbase.dll
0x00007ffd41040000 - 0x00007ffd410a9000 	C:\WINDOWS\System32\WINTRUST.dll
0x00007ffd37ae0000 - 0x00007ffd37b1b000 	C:\WINDOWS\SYSTEM32\dxcore.dll
0x00007ffd3fd80000 - 0x00007ffd3fde4000 	C:\WINDOWS\SYSTEM32\WINSTA.dll
0x00007ffd171b0000 - 0x00007ffd1720d000 	C:\Users\micha\AppData\Local\Temp\lwjglmicha\3.3.1-build-7\lwjgl_opengl.dll
0x00007ffd28760000 - 0x00007ffd28859000 	C:\WINDOWS\SYSTEM32\textinputframework.dll

dbghelp: loaded successfully - version: 4.0.5 - missing functions: none
symbol engine: initialized successfully - sym options: 0x614 - pdb path: .;C:\Program Files\AdoptOpenJDK\jdk-11.0.11.9-hotspot\bin;C:\WINDOWS\SYSTEM32;C:\WINDOWS\WinSxS\amd64_microsoft.windows.common-controls_6595b64144ccf1df_6.0.19041.1110_none_60b5254171f9507e;C:\Program Files\AdoptOpenJDK\jdk-11.0.11.9-hotspot\bin\server;C:\Users\micha\AppData\Local\Temp\libgdxmicha\e787ab0a;C:\Users\micha\AppData\Local\Temp\lwjglmicha\3.3.1-build-7;C:\WINDOWS\System32\DriverStore\FileRepository\nvaeig.inf_amd64_86c956bb5d45419c

VM Arguments:
jvm_args: -Dfile.encoding=Cp1252 
java_command: com.game.DesktopLauncher
java_class_path (initial): C:\Users\micha\Desktop\Schulprojekt\LibGDX\desktop\bin\main;\RPG-core\bin\default;C:\Users\micha\Desktop\Schulprojekt\LibGDX\core\bin\main;C:\Users\micha\.gradle\caches\modules-2\files-2.1\com.badlogicgames.gdx\gdx-backend-lwjgl3\1.11.0\58a96db4cd349be4292d547856aa1e1c5f065f4e\gdx-backend-lwjgl3-1.11.0.jar;C:\Users\micha\.gradle\caches\modules-2\files-2.1\com.badlogicgames.gdx\gdx-platform\1.11.0\697fb13eada6d3c6ca648c9788692b0159add126\gdx-platform-1.11.0-natives-desktop.jar;C:\Users\micha\.gradle\caches\modules-2\files-2.1\com.badlogicgames.gdx\gdx-box2d-platform\1.11.0\62ff9baa1e57a11e0a4428a38c9660bf9f312fdc\gdx-box2d-platform-1.11.0-natives-desktop.jar;C:\Users\micha\.gradle\caches\modules-2\files-2.1\com.badlogicgames.gdx\gdx-ai\1.8.2\ab75d2ce80ab1b1ce6828a15dc0f417abac4c674\gdx-ai-1.8.2.jar;C:\Users\micha\.gradle\caches\modules-2\files-2.1\com.badlogicgames.box2dlights\box2dlights\1.5\6902dbcd250c95a27973aa24a147a95b3828d348\box2dlights-1.5.jar;C:\Users\micha\.gradle\caches\modules-2\files-2.1\com.badlogicgames.gdx\gdx-box2d\1.11.0\ad4facee800dd945d6d6e93dea2936bc135b5f\gdx-box2d-1.11.0.jar;C:\Users\micha\.gradle\caches\modules-2\files-2.1\com.badlogicgames.ashley\ashley\1.7.4\21a3a8932919099c4e5006a7d8378dcbe76ef8a5\ashley-1.7.4.jar;C:\Users\micha\.gradle\caches\modules-2\files-2.1\com.badlogicgames.gdx\gdx\1.11.0\ffe1206d1004cd9e40027e28964be0fea0399af7\gdx-1.11.0.jar;C:\Users\micha\.gradle\caches\modules-2\files-2.1\org.lwjgl\lwjgl-glfw\3.3.1\cbac1b8d30cb4795149c1ef540f912671a8616d0\lwjgl-glfw-3.3.1.jar;C:\Users\micha\.gradle\caches\modules-2\files-2.1\org.lwjgl\lwjgl-glfw\3.3.1\81716978214ecbda15050ca394b06ef61501a49e\lwjgl-glfw-3.3.1-natives-linux.jar;C:\Users\micha\.gradle\caches\modules-2\files-2.1\org.lwjgl\lwjgl-glfw\3.3.1\816d935933f2dd743074c4e717cc25b55720f294\lwjgl-glfw-3.3.1-natives-linux-arm32.jar;C:\Users\micha\.gradle\caches\modules-2\files-2.1\org.lwjgl\lwjgl-glfw\3.3.1\513eb39b866d0fe131a18d5c517087805433b029\lw
Launcher Type: SUN_STANDARD

[Global flags]
     intx CICompilerCount                          = 12                                        {product} {ergonomic}
     uint ConcGCThreads                            = 4                                         {product} {ergonomic}
     uint G1ConcRefinementThreads                  = 15                                        {product} {ergonomic}
   size_t G1HeapRegionSize                         = 2097152                                   {product} {ergonomic}
    uintx GCDrainStackTargetSize                   = 64                                        {product} {ergonomic}
   size_t InitialHeapSize                          = 536870912                                 {product} {ergonomic}
   size_t MarkStackSize                            = 4194304                                   {product} {ergonomic}
   size_t MaxHeapSize                              = 8566865920                                {product} {ergonomic}
   size_t MaxNewSize                               = 5140119552                                {product} {ergonomic}
   size_t MinHeapDeltaBytes                        = 2097152                                   {product} {ergonomic}
    uintx NonNMethodCodeHeapSize                   = 7594288                                {pd product} {ergonomic}
    uintx NonProfiledCodeHeapSize                  = 122031976                              {pd product} {ergonomic}
    uintx ProfiledCodeHeapSize                     = 122031976                              {pd product} {ergonomic}
    uintx ReservedCodeCacheSize                    = 251658240                              {pd product} {ergonomic}
     bool SegmentedCodeCache                       = true                                      {product} {ergonomic}
     bool UseCompressedClassPointers               = true                                 {lp64_product} {ergonomic}
     bool UseCompressedOops                        = true                                 {lp64_product} {ergonomic}
     bool UseG1GC                                  = true                                      {product} {ergonomic}
     bool UseLargePagesIndividualAllocation        = false                                  {pd product} {ergonomic}

Logging:
Log output configuration:
 #0: stdout all=warning uptime,level,tags
 #1: stderr all=off uptime,level,tags

Environment Variables:
JAVA_HOME=C:\Program Files\AdoptOpenJDK\jdk-11.0.11.9-hotspot
PATH=C:/Program Files/AdoptOpenJDK/jdk-11.0.11.9-hotspot/bin/client;C:/Program Files/AdoptOpenJDK/jdk-11.0.11.9-hotspot/bin;C:\Program Files\AdoptOpenJDK\jdk-11.0.11.9-hotspot\bin;C:\Program Files\Common Files\Oracle\Java\javapath;C:\Windows\system32;C:\Windows;C:\Windows\System32\Wbem;C:\Windows\System32\WindowsPowerShell\v1.0\;C:\Windows\System32\OpenSSH\;C:\Program Files (x86)\NVIDIA Corporation\PhysX\Common;C:\WINDOWS\system32;C:\WINDOWS;C:\WINDOWS\System32\Wbem;C:\WINDOWS\System32\WindowsPowerShell\v1.0\;C:\WINDOWS\System32\OpenSSH\;C:\Users\micha\Desktop\Info Projekt\apache-maven-3.3.9\bin;C:\Users\micha\AppData\Local\Programs\Python\Python310\Scripts\;C:\Users\micha\AppData\Local\Programs\Python\Python310\;C:\Users\micha\Desktop;
USERNAME=micha
OS=Windows_NT
PROCESSOR_IDENTIFIER=Intel64 Family 6 Model 165 Stepping 5, GenuineIntel



---------------  S Y S T E M  ---------------

OS: Windows 10 , 64 bit Build 19041 (10.0.19041.2364)
OS uptime: 3 days 9:56 hours

CPU:total 20 (initial active 20) (10 cores per cpu, 2 threads per core) family 6 model 165 stepping 5 microcode 0xca, cmov, cx8, fxsr, mmx, sse, sse2, sse3, ssse3, sse4.1, sse4.2, popcnt, avx, avx2, clmul, erms, 3dnowpref, lzcnt, ht, tsc, tscinvbit, bmi1, bmi2, adx, fma

Memory: 4k page, system-wide physical 32674M (20541M free)
TotalPageFile size 37538M (AvailPageFile size 20912M)
current process WorkingSet (physical memory assigned to process): 151M, peak: 151M
current process commit charge ("private bytes"): 731M, peak: 731M

vm_info: OpenJDK 64-Bit Server VM (11.0.11+9) for windows-amd64 JRE (11.0.11+9), built on Apr 20 2021 21:22:09 by "" with MS VC++ 15.9 (VS2017)

END.
